[29-Oct-2025 00:27:06 Europe/Berlin] --- reset_password_fixed.php started --- Request Method: GET ---
[29-Oct-2025 00:27:06 Europe/Berlin] Token received via GET: 769762dc5538e2cb108e1b2c452cbe998afc762902f4d9c60844a7e016e971e12eb2b8e056df1cfa4c6a5ce0700a1a4b4503
[29-Oct-2025 00:27:06 Europe/Berlin] Included conn.php.
[29-Oct-2025 00:27:06 Europe/Berlin] Database connection successful.
[29-Oct-2025 00:27:06 Europe/Berlin] Validating token from GET...
[29-Oct-2025 00:27:06 Europe/Berlin] Token is valid for user ID: 86 Username: Bien
[29-Oct-2025 00:27:06 Europe/Berlin] Database connection closed.
[29-Oct-2025 00:27:58 Europe/Berlin] --- reset_password.php started --- Request Method: GET ---
[29-Oct-2025 00:27:58 Europe/Berlin] Token received via GET: 769762dc5538e2cb108e1b2c452cbe998afc762902f4d9c60844a7e016e971e12eb2b8e056df1cfa4c6a5ce0700a1a4b4503
[29-Oct-2025 00:27:58 Europe/Berlin] Included conn.php.
[29-Oct-2025 00:27:58 Europe/Berlin] Database connection successful.
[29-Oct-2025 00:27:58 Europe/Berlin] Validating token from GET...
[29-Oct-2025 00:27:58 Europe/Berlin] Token is valid for user ID: 86 Username: Bien
[29-Oct-2025 00:27:58 Europe/Berlin] Database connection closed.
[29-Oct-2025 00:28:07 Europe/Berlin] --- reset_password.php started --- Request Method: POST ---
[29-Oct-2025 00:28:07 Europe/Berlin] Token received via GET: 769762dc5538e2cb108e1b2c452cbe998afc762902f4d9c60844a7e016e971e12eb2b8e056df1cfa4c6a5ce0700a1a4b4503
[29-Oct-2025 00:28:07 Europe/Berlin] POST data received: Array
(
    [token] => 769762dc5538e2cb108e1b2c452cbe998afc762902f4d9c60844a7e016e971e12eb2b8e056df1cfa4c6a5ce0700a1a4b4503
    [password] => 123abc
    [confirm_password] => 123abc
)

[29-Oct-2025 00:28:07 Europe/Berlin] Included conn.php.
[29-Oct-2025 00:28:07 Europe/Berlin] Database connection successful.
[29-Oct-2025 00:28:07 Europe/Berlin] Validating token from GET...
[29-Oct-2025 00:28:07 Europe/Berlin] Token is valid for user ID: 86 Username: Bien
[29-Oct-2025 00:28:07 Europe/Berlin] Processing POST request for password update...
[29-Oct-2025 00:28:07 Europe/Berlin] Passwords match and meet length requirement. Hashing new password...
[29-Oct-2025 00:28:08 Europe/Berlin] Password hashed successfully. Preparing database update...
[29-Oct-2025 00:28:08 Europe/Berlin] Password successfully updated for user ID: 86
[29-Oct-2025 00:28:08 Europe/Berlin] Database connection closed.
[29-Oct-2025 02:03:59 Europe/Berlin] --- reset_password.php started --- Request Method: GET ---
[29-Oct-2025 02:03:59 Europe/Berlin] Token received via GET: 70f90770f69a0c3246b40de5adb3ba215c1470a3d5a1cdd2c8b709c63c4230e512e5395c4fae34f590d78b077ba67ed1343b
[29-Oct-2025 02:03:59 Europe/Berlin] Included conn.php.
[29-Oct-2025 02:03:59 Europe/Berlin] Database connection successful.
[29-Oct-2025 02:03:59 Europe/Berlin] Validating token from GET...
[29-Oct-2025 02:03:59 Europe/Berlin] Token is valid for user ID: 86 Username: Bien
[29-Oct-2025 02:03:59 Europe/Berlin] Database connection closed.
[29-Oct-2025 02:04:16 Europe/Berlin] --- reset_password.php started --- Request Method: POST ---
[29-Oct-2025 02:04:16 Europe/Berlin] Token received via GET: 70f90770f69a0c3246b40de5adb3ba215c1470a3d5a1cdd2c8b709c63c4230e512e5395c4fae34f590d78b077ba67ed1343b
[29-Oct-2025 02:04:16 Europe/Berlin] POST data received: Array
(
    [token] => 70f90770f69a0c3246b40de5adb3ba215c1470a3d5a1cdd2c8b709c63c4230e512e5395c4fae34f590d78b077ba67ed1343b
    [password] => 123abc
    [confirm_password] => 123abc
)

[29-Oct-2025 02:04:16 Europe/Berlin] Included conn.php.
[29-Oct-2025 02:04:16 Europe/Berlin] Database connection successful.
[29-Oct-2025 02:04:16 Europe/Berlin] Validating token from GET...
[29-Oct-2025 02:04:16 Europe/Berlin] Token is valid for user ID: 86 Username: Bien
[29-Oct-2025 02:04:16 Europe/Berlin] Processing POST request for password update...
[29-Oct-2025 02:04:16 Europe/Berlin] Passwords match and meet length requirement. Hashing new password...
[29-Oct-2025 02:04:16 Europe/Berlin] Password hashed successfully. Preparing database update...
[29-Oct-2025 02:04:16 Europe/Berlin] Password successfully updated for user ID: 86
[29-Oct-2025 02:04:16 Europe/Berlin] Database connection closed.
